C51 COMPILER V9.01   MAIN                                                                  03/12/2020 10:54:48 PAGE 1   


C51 COMPILER V9.01, COMPILATION OF MODULE MAIN
OBJECT MODULE PLACED IN main.OBJ
COMPILER INVOKED BY: C:\Keil\C51\BIN\C51.exe main.c

line level    source

   1          #include <reg52.h>
   2          sbit led = P1^1;
   3          void main(){
   4   1          unsigned char cnt = 0;
   5   1          unsigned int i;
   6   1      
   7   1          while(1){
   8   2              P1 = ~(0x80 >> cnt);
   9   2              for(i = 0;i<=30000;i++);
  10   2              cnt++;
  11   2              if(cnt>8){
  12   3                  cnt = 0;
  13   3              }
  14   2          }
  15   1      }


MODULE INFORMATION:   STATIC OVERLAYABLE
   CODE SIZE        =     41    ----
   CONSTANT SIZE    =   ----    ----
   XDATA SIZE       =   ----    ----
   PDATA SIZE       =   ----    ----
   DATA SIZE        =   ----    ----
   IDATA SIZE       =   ----    ----
   BIT SIZE         =   ----    ----
END OF MODULE INFORMATION.


C51 COMPILATION COMPLETE.  0 WARNING(S),  0 ERROR(S)
